<?xml version="1.0" encoding="UTF-8"?>
<!-- Generated by org.testng.reporters.JUnitReportReporter -->
<testsuite hostname="LAPIN6FGNL63" failures="0" tests="1" name="com.lambdatest.TestNGTodo1" time="26.266" errors="0" timestamp="29 Apr 2022 13:14:28 GMT" skipped="0">
  <testcase classname="com.lambdatest.TestNGTodo1" name="basicTest" time="26.266"/>
</testsuite> <!-- com.lambdatest.TestNGTodo1 -->
