<?xml version="1.0" encoding="UTF-8"?>
<!-- Generated by org.testng.reporters.JUnitReportReporter -->
<testsuite hostname="LAPIN6FGNL63" failures="0" tests="1" name="com.lambdatest.TestScenario2" time="19.639" errors="0" timestamp="18 May 2022 07:29:25 GMT" skipped="0">
  <testcase classname="com.lambdatest.TestScenario2" name="basicTest" time="19.639"/>
</testsuite> <!-- com.lambdatest.TestScenario2 -->
