<?xml version="1.0" encoding="UTF-8"?>
<!-- Generated by org.testng.reporters.JUnitReportReporter -->
<testsuite hostname="LAPIN6FGNL63" failures="0" tests="1" name="com.lambdatest.TestScenario3" time="31.963" errors="0" timestamp="18 May 2022 07:30:21 GMT" skipped="0">
  <testcase classname="com.lambdatest.TestScenario3" name="basicTest" time="31.963"/>
</testsuite> <!-- com.lambdatest.TestScenario3 -->
