<?xml version="1.0" encoding="UTF-8"?>
<!-- Generated by org.testng.reporters.JUnitReportReporter -->
<testsuite hostname="LAPIN6FGNL63" failures="0" tests="1" name="com.lambdatest.TestScenario1" time="21.104" errors="0" timestamp="18 May 2022 07:27:36 GMT" skipped="0">
  <testcase classname="com.lambdatest.TestScenario1" name="basicTest" time="21.104"/>
</testsuite> <!-- com.lambdatest.TestScenario1 -->
